<?xml version="1.0" encoding="UTF-8"?>
<testng-results ignored="0" total="1" passed="1" failed="0" skipped="0">
  <reporter-output>
  </reporter-output>
  <suite started-at="2020-05-06T16:30:29 GMT-04:00" name="Default suite" finished-at="2020-05-06T16:30:59 GMT-04:00" duration-ms="29920">
    <groups>
    </groups>
    <test started-at="2020-05-06T16:30:29 GMT-04:00" name="Default test" finished-at="2020-05-06T16:30:59 GMT-04:00" duration-ms="29920">
      <class name="tests.Home">
        <test-method is-config="true" signature="setUp()[pri:0, instance:tests.Home@309e345f]" started-at="2020-05-06T16:30:29 GMT-04:00" name="setUp" finished-at="2020-05-06T16:30:51 GMT-04:00" duration-ms="22019" status="PASS">
          <reporter-output>
          </reporter-output>
        </test-method> <!-- setUp -->
        <test-method signature="Testing()[pri:0, instance:tests.Home@309e345f]" started-at="2020-05-06T16:30:51 GMT-04:00" name="Testing" finished-at="2020-05-06T16:30:54 GMT-04:00" duration-ms="3500" status="PASS">
          <reporter-output>
          </reporter-output>
        </test-method> <!-- Testing -->
        <test-method is-config="true" signature="tearDown(org.testng.ITestResult)[pri:0, instance:tests.Home@309e345f]" started-at="2020-05-06T16:30:54 GMT-04:00" name="tearDown" finished-at="2020-05-06T16:30:59 GMT-04:00" duration-ms="4325" status="PASS">
          <params>
            <param index="0">
              <value>
                <![CDATA[[TestResult name=Testing status=SUCCESS method=Home.Testing()[pri:0, instance:tests.Home@309e345f] output={null}]]]>
              </value>
            </param>
          </params>
          <reporter-output>
          </reporter-output>
        </test-method> <!-- tearDown -->
      </class> <!-- tests.Home -->
    </test> <!-- Default test -->
  </suite> <!-- Default suite -->
</testng-results>
